{"C:\\Users\\KEN\\Desktop\\Home work\\ปี 2 เทอม 2\\test\\web_check_day\\controllers\\day.js": {"path":"C:\\Users\\KEN\\Desktop\\Home work\\ปี 2 เทอม 2\\test\\web_check_day\\controllers\\day.js","statementMap":{"0":{"start":{"line":2,"column":17},"end":{"line":16,"column":1}},"1":{"start":{"line":4,"column":17},"end":{"line":4,"column":35}},"2":{"start":{"line":11,"column":15},"end":{"line":11,"column":83}},"3":{"start":{"line":13,"column":4},"end":{"line":13,"column":28}},"4":{"start":{"line":18,"column":0},"end":{"line":18,"column":25}}},"fnMap":{"0":{"name":"(anonymous_0)","decl":{"start":{"line":3,"column":9},"end":{"line":3,"column":10}},"loc":{"start":{"line":3,"column":27},"end":{"line":14,"column":5}},"line":3}},"branchMap":{},"s":{"0":1,"1":7,"2":7,"3":7,"4":1},"f":{"0":7},"b":{},"_coverageSchema":"1a1c01bbd47fc00a2c39e90264f33305004495a9","hash":"f84de00912107a40dcb7739a8bbe448d4a1ccffb"}
}
